This is pdfTeX, Version 3.14159265-2.6-1.40.16 (TeX Live 2016/dev) (preloaded format=pdflatex 2017.2.14)  15 APR 2017 13:21
entering extended mode
 restricted \write18 enabled.
 file:line:error style messages enabled.
 %&-line parsing enabled.
**bakalavr_titul1.tex
(./bakalavr_titul1.tex
LaTeX2e <2015/01/01> patch level 2
Babel <3.9m> and hyphenation patterns for 59 languages loaded.

./bakalavr_titul1.tex:2: LaTeX Error: Missing \begin{document}.

See the LaTeX manual or LaTeX Companion for explanation.
Type  H <return>  for immediate help.
 ...                                              
                                                  
l.2 \begin{center}
                  
? 
./bakalavr_titul1.tex:2: Emergency stop.
 ...                                              
                                                  
l.2 \begin{center}
                  
You're in trouble here.  Try typing  <return>  to proceed.
If that doesn't work, type  X <return>  to quit.

 
Here is how much of TeX's memory you used:
 6 strings out of 493204
 299 string characters out of 6141983
 51070 words of memory out of 5000000
 3556 multiletter control sequences out of 15000+600000
 3640 words of font info for 14 fonts, out of 8000000 for 9000
 1137 hyphenation exceptions out of 8191
 9i,0n,4p,52b,22s stack positions out of 5000i,500n,10000p,200000b,80000s
./bakalavr_titul1.tex:2:  ==> Fatal error occurred, no output PDF file produced
!
